<?xml version="1.0" encoding="UTF-8"?>
<!-- Generated by org.testng.reporters.JUnitXMLReporter -->
<testsuite ignored="1" hostname="Silver-Machine.attlocal.net" failures="0" tests="8" name="Default test" time="1.329" errors="0" timestamp="2022-07-01T14:26:56 EDT">
  <testcase classname="org.opensaml.spring.trust.StaticExplicitKeyFactoryBeanTest" name="mixed" time="0.702"/>
  <testcase classname="org.opensaml.spring.trust.StaticExplicitKeyFactoryBeanTest" name="multipleCert" time="0.091"/>
  <testcase classname="org.opensaml.spring.trust.StaticExplicitKeyFactoryBeanTest" name="singleCert" time="0.072"/>
  <testcase classname="org.opensaml.spring.trust.StaticExplicitKeyFactoryBeanTest" name="singleKey" time="0.059"/>
  <testcase classname="org.opensaml.spring.trust.StaticPKIXFactoryBeanTest" name="customPropertiesFailsValidation" time="0.09"/>
  <testcase classname="org.opensaml.spring.trust.StaticPKIXFactoryBeanTest" name="customPropertiesSuccess" time="0.05"/>
  <testcase classname="org.opensaml.spring.trust.StaticPKIXFactoryBeanTest" name="defaults" time="0.036"/>
  <testcase classname="org.opensaml.spring.credential.BasicX509CredentialFactoryBeanTest" name="bean" time="0.152"/>
  <testcase classname="org.opensaml.spring.trust.AbstractSecurityTest" name="@BeforeSuite setupDirs" time="0.0">
    <ignored/>
  </testcase> <!-- @BeforeSuite setupDirs -->
</testsuite> <!-- Default test -->
