<?xml version="1.0" encoding="UTF-8"?>
<testng-results ignored="1" total="9" passed="8" failed="0" skipped="0">
  <reporter-output>
  </reporter-output>
  <suite started-at="2022-07-01T14:26:55 EDT" name="Default suite" finished-at="2022-07-01T14:26:56 EDT" duration-ms="1329">
    <groups>
    </groups>
    <test started-at="2022-07-01T14:26:55 EDT" name="Default test" finished-at="2022-07-01T14:26:56 EDT" duration-ms="1329">
      <class name="org.opensaml.spring.trust.StaticPKIXFactoryBeanTest">
        <test-method signature="customPropertiesFailsValidation()[pri:0, instance:org.opensaml.spring.trust.StaticPKIXFactoryBeanTest@3d6f0054]" started-at="2022-07-01T14:26:56 EDT" name="customPropertiesFailsValidation" finished-at="2022-07-01T14:26:56 EDT" duration-ms="90" status="PASS">
          <exception class="org.springframework.beans.factory.BeanCreationException">
            <message>
              <![CDATA[Error creating bean with name 'StaticPKIXX509CredentialTrustEngine' defined in class path resource [org/opensaml/spring/trust/static-pkix-factory-custom-failsValidation.xml]: Invocation of init method failed; nested exception is org.springframework.beans.FatalBeanException: Certificate revocation checking was force enabled, but no static CRLs were supplied and both CRLDP and OCSP processing is disabled]]>
            </message>
            <full-stacktrace>
              <![CDATA[org.springframework.beans.factory.BeanCreationException: Error creating bean with name 'StaticPKIXX509CredentialTrustEngine' defined in class path resource [org/opensaml/spring/trust/static-pkix-factory-custom-failsValidation.xml]: Invocation of init method failed; nested exception is org.springframework.beans.FatalBeanException: Certificate revocation checking was force enabled, but no static CRLs were supplied and both CRLDP and OCSP processing is disabled
at org.springframework.beans.factory.support.AbstractAutowireCapableBeanFactory.initializeBean(AbstractAutowireCapableBeanFactory.java:1755)
at org.springframework.beans.factory.support.AbstractAutowireCapableBeanFactory.doCreateBean(AbstractAutowireCapableBeanFactory.java:604)
at org.springframework.beans.factory.support.AbstractAutowireCapableBeanFactory.createBean(AbstractAutowireCapableBeanFactory.java:526)
at org.springframework.beans.factory.support.AbstractBeanFactory.lambda$doGetBean$0(AbstractBeanFactory.java:326)
at org.springframework.beans.factory.support.DefaultSingletonBeanRegistry.getSingleton(DefaultSingletonBeanRegistry.java:234)
at org.springframework.beans.factory.support.AbstractBeanFactory.doGetBean(AbstractBeanFactory.java:324)
at org.springframework.beans.factory.support.AbstractBeanFactory.getBean(AbstractBeanFactory.java:200)
at org.springframework.beans.factory.support.DefaultListableBeanFactory.preInstantiateSingletons(DefaultListableBeanFactory.java:922)
at org.springframework.context.support.AbstractApplicationContext.finishBeanFactoryInitialization(AbstractApplicationContext.java:926)
at org.springframework.context.support.AbstractApplicationContext.refresh(AbstractApplicationContext.java:592)
at org.opensaml.spring.trust.StaticPKIXFactoryBeanTest.customPropertiesFailsValidation(StaticPKIXFactoryBeanTest.java:101)
at java.base/jdk.internal.reflect.NativeMethodAccessorImpl.invoke0(Native Method)
at java.base/jdk.internal.reflect.NativeMethodAccessorImpl.invoke(NativeMethodAccessorImpl.java:77)
at java.base/jdk.internal.reflect.DelegatingMethodAccessorImpl.invoke(DelegatingMethodAccessorImpl.java:43)
at java.base/java.lang.reflect.Method.invoke(Method.java:568)
at org.testng.internal.invokers.MethodInvocationHelper.invokeMethod(MethodInvocationHelper.java:135)
at org.testng.internal.invokers.TestInvoker.invokeMethod(TestInvoker.java:673)
at org.testng.internal.invokers.TestInvoker.invokeTestMethod(TestInvoker.java:220)
at org.testng.internal.invokers.MethodRunner.runInSequence(MethodRunner.java:50)
at org.testng.internal.invokers.TestInvoker$MethodInvocationAgent.invoke(TestInvoker.java:945)
at org.testng.internal.invokers.TestInvoker.invokeTestMethods(TestInvoker.java:193)
at org.testng.internal.invokers.TestMethodWorker.invokeTestMethods(TestMethodWorker.java:146)
at org.testng.internal.invokers.TestMethodWorker.run(TestMethodWorker.java:128)
at java.base/java.util.ArrayList.forEach(ArrayList.java:1511)
at org.testng.TestRunner.privateRun(TestRunner.java:808)
at org.testng.TestRunner.run(TestRunner.java:603)
at org.testng.SuiteRunner.runTest(SuiteRunner.java:429)
at org.testng.SuiteRunner.runSequentially(SuiteRunner.java:423)
at org.testng.SuiteRunner.privateRun(SuiteRunner.java:383)
at org.testng.SuiteRunner.run(SuiteRunner.java:326)
at org.testng.SuiteRunnerWorker.runSuite(SuiteRunnerWorker.java:52)
at org.testng.SuiteRunnerWorker.run(SuiteRunnerWorker.java:95)
at org.testng.TestNG.runSuitesSequentially(TestNG.java:1249)
at org.testng.TestNG.runSuitesLocally(TestNG.java:1169)
at org.testng.TestNG.runSuites(TestNG.java:1092)
at org.testng.TestNG.run(TestNG.java:1060)
at org.testng.remote.AbstractRemoteTestNG.run(AbstractRemoteTestNG.java:115)
at org.testng.remote.RemoteTestNG.initAndRun(RemoteTestNG.java:251)
at org.testng.remote.RemoteTestNG.main(RemoteTestNG.java:77)
Caused by: org.springframework.beans.FatalBeanException: Certificate revocation checking was force enabled, but no static CRLs were supplied and both CRLDP and OCSP processing is disabled
at org.opensaml.spring.trust.StaticPKIXFactoryBean.validateConfiguration(StaticPKIXFactoryBean.java:271)
at org.opensaml.spring.trust.StaticPKIXFactoryBean.doCreateInstance(StaticPKIXFactoryBean.java:244)
at org.opensaml.spring.trust.StaticPKIXFactoryBean.doCreateInstance(StaticPKIXFactoryBean.java:1)
at net.shibboleth.ext.spring.factory.AbstractComponentAwareFactoryBean.createInstance(AbstractComponentAwareFactoryBean.java:49)
at org.springframework.beans.factory.config.AbstractFactoryBean.afterPropertiesSet(AbstractFactoryBean.java:142)
at org.springframework.beans.factory.support.AbstractAutowireCapableBeanFactory.invokeInitMethods(AbstractAutowireCapableBeanFactory.java:1802)
at org.springframework.beans.factory.support.AbstractAutowireCapableBeanFactory.initializeBean(AbstractAutowireCapableBeanFactory.java:1751)
... 38 more
]]>
            </full-stacktrace>
          </exception> <!-- org.springframework.beans.factory.BeanCreationException -->
          <reporter-output>
          </reporter-output>
        </test-method> <!-- customPropertiesFailsValidation -->
        <test-method signature="customPropertiesSuccess()[pri:0, instance:org.opensaml.spring.trust.StaticPKIXFactoryBeanTest@3d6f0054]" started-at="2022-07-01T14:26:56 EDT" name="customPropertiesSuccess" finished-at="2022-07-01T14:26:56 EDT" duration-ms="50" status="PASS">
          <reporter-output>
          </reporter-output>
        </test-method> <!-- customPropertiesSuccess -->
        <test-method signature="defaults()[pri:0, instance:org.opensaml.spring.trust.StaticPKIXFactoryBeanTest@3d6f0054]" started-at="2022-07-01T14:26:56 EDT" name="defaults" finished-at="2022-07-01T14:26:56 EDT" duration-ms="36" status="PASS">
          <reporter-output>
          </reporter-output>
        </test-method> <!-- defaults -->
      </class> <!-- org.opensaml.spring.trust.StaticPKIXFactoryBeanTest -->
      <class name="org.opensaml.spring.trust.StaticExplicitKeyFactoryBeanTest">
        <test-method is-config="true" signature="setupDirs()[pri:0, instance:org.opensaml.spring.trust.StaticExplicitKeyFactoryBeanTest@57d7f8ca]" started-at="2022-07-01T14:26:55 EDT" name="setupDirs" finished-at="2022-07-01T14:26:55 EDT" duration-ms="17" status="PASS">
          <reporter-output>
          </reporter-output>
        </test-method> <!-- setupDirs -->
        <test-method signature="mixed()[pri:0, instance:org.opensaml.spring.trust.StaticExplicitKeyFactoryBeanTest@57d7f8ca]" started-at="2022-07-01T14:26:55 EDT" name="mixed" finished-at="2022-07-01T14:26:56 EDT" duration-ms="702" status="PASS">
          <reporter-output>
          </reporter-output>
        </test-method> <!-- mixed -->
        <test-method is-config="true" signature="tearDownTestContext()[pri:0, instance:org.opensaml.spring.trust.StaticExplicitKeyFactoryBeanTest@57d7f8ca]" started-at="2022-07-01T14:26:56 EDT" name="tearDownTestContext" finished-at="2022-07-01T14:26:56 EDT" duration-ms="3" status="PASS">
          <reporter-output>
          </reporter-output>
        </test-method> <!-- tearDownTestContext -->
        <test-method signature="multipleCert()[pri:0, instance:org.opensaml.spring.trust.StaticExplicitKeyFactoryBeanTest@57d7f8ca]" started-at="2022-07-01T14:26:56 EDT" name="multipleCert" finished-at="2022-07-01T14:26:56 EDT" duration-ms="91" status="PASS">
          <reporter-output>
          </reporter-output>
        </test-method> <!-- multipleCert -->
        <test-method is-config="true" signature="tearDownTestContext()[pri:0, instance:org.opensaml.spring.trust.StaticExplicitKeyFactoryBeanTest@57d7f8ca]" started-at="2022-07-01T14:26:56 EDT" name="tearDownTestContext" finished-at="2022-07-01T14:26:56 EDT" duration-ms="0" status="PASS">
          <reporter-output>
          </reporter-output>
        </test-method> <!-- tearDownTestContext -->
        <test-method signature="singleCert()[pri:0, instance:org.opensaml.spring.trust.StaticExplicitKeyFactoryBeanTest@57d7f8ca]" started-at="2022-07-01T14:26:56 EDT" name="singleCert" finished-at="2022-07-01T14:26:56 EDT" duration-ms="72" status="PASS">
          <reporter-output>
          </reporter-output>
        </test-method> <!-- singleCert -->
        <test-method is-config="true" signature="tearDownTestContext()[pri:0, instance:org.opensaml.spring.trust.StaticExplicitKeyFactoryBeanTest@57d7f8ca]" started-at="2022-07-01T14:26:56 EDT" name="tearDownTestContext" finished-at="2022-07-01T14:26:56 EDT" duration-ms="0" status="PASS">
          <reporter-output>
          </reporter-output>
        </test-method> <!-- tearDownTestContext -->
        <test-method signature="singleKey()[pri:0, instance:org.opensaml.spring.trust.StaticExplicitKeyFactoryBeanTest@57d7f8ca]" started-at="2022-07-01T14:26:56 EDT" name="singleKey" finished-at="2022-07-01T14:26:56 EDT" duration-ms="59" status="PASS">
          <reporter-output>
          </reporter-output>
        </test-method> <!-- singleKey -->
        <test-method is-config="true" signature="tearDownTestContext()[pri:0, instance:org.opensaml.spring.trust.StaticExplicitKeyFactoryBeanTest@57d7f8ca]" started-at="2022-07-01T14:26:56 EDT" name="tearDownTestContext" finished-at="2022-07-01T14:26:56 EDT" duration-ms="1" status="PASS">
          <reporter-output>
          </reporter-output>
        </test-method> <!-- tearDownTestContext -->
      </class> <!-- org.opensaml.spring.trust.StaticExplicitKeyFactoryBeanTest -->
      <class name="org.opensaml.spring.credential.BasicX509CredentialFactoryBeanTest">
        <test-method signature="bean()[pri:0, instance:org.opensaml.spring.credential.BasicX509CredentialFactoryBeanTest@505fc5a4]" started-at="2022-07-01T14:26:56 EDT" name="bean" finished-at="2022-07-01T14:26:56 EDT" duration-ms="152" status="PASS">
          <reporter-output>
          </reporter-output>
        </test-method> <!-- bean -->
      </class> <!-- org.opensaml.spring.credential.BasicX509CredentialFactoryBeanTest -->
    </test> <!-- Default test -->
  </suite> <!-- Default suite -->
</testng-results>
